[PID=76985][Mon Mar 14 10:33:49 2022] Error : -262150(eNOTFOUND_BFM) in edubfm_Hash.c:153
[PID=76985][Mon Mar 14 10:33:49 2022] Error : -262150(eNOTFOUND_BFM) in edubfm_Hash.c:153
[PID=76985][Mon Mar 14 10:33:49 2022] Error : -262150(eNOTFOUND_BFM) in edubfm_Hash.c:153
[PID=76985][Mon Mar 14 10:33:49 2022] Error : -262150(eNOTFOUND_BFM) in edubfm_Hash.c:153
[PID=76985][Mon Mar 14 10:33:49 2022] Error : -262150(eNOTFOUND_BFM) in edubfm_Hash.c:153
[PID=76985][Mon Mar 14 10:33:49 2022] Error : -262150(eNOTFOUND_BFM) in edubfm_Hash.c:153
[PID=76985][Mon Mar 14 10:33:49 2022] Error : -262150(eNOTFOUND_BFM) in edubfm_Hash.c:153
[PID=76985][Mon Mar 14 10:33:49 2022] Error : -262150(eNOTFOUND_BFM) in edubfm_Hash.c:153
[PID=76985][Mon Mar 14 10:33:49 2022] Error : -262150(eNOTFOUND_BFM) in edubfm_Hash.c:153
[PID=76985][Mon Mar 14 10:33:49 2022] Error : -262150(eNOTFOUND_BFM) in edubfm_Hash.c:153
[PID=76985][Mon Mar 14 10:33:49 2022] Error : -262150(eNOTFOUND_BFM) in edubfm_Hash.c:153
[PID=76985][Mon Mar 14 10:33:49 2022] Error : -262150(eNOTFOUND_BFM) in edubfm_Hash.c:153
[PID=76985][Mon Mar 14 10:33:49 2022] Error : -262150(eNOTFOUND_BFM) in edubfm_Hash.c:153
[PID=76985][Mon Mar 14 10:33:49 2022] Error : -262150(eNOTFOUND_BFM) in edubfm_Hash.c:153
[PID=76985][Mon Mar 14 10:33:49 2022] Error : -262150(eNOTFOUND_BFM) in edubfm_Hash.c:153
[PID=76985][Mon Mar 14 10:33:49 2022] Error : -262150(eNOTFOUND_BFM) in edubfm_Hash.c:153
[PID=76985][Mon Mar 14 10:33:49 2022] Error : -262150(eNOTFOUND_BFM) in edubfm_Hash.c:153
[PID=76985][Mon Mar 14 10:33:49 2022] Error : -262150(eNOTFOUND_BFM) in edubfm_Hash.c:153
[PID=93597][Mon Mar 14 10:50:36 2022] Error : -262150(eNOTFOUND_BFM) in edubfm_Hash.c:153
[PID=93597][Mon Mar 14 10:50:36 2022] Error : -262150(eNOTFOUND_BFM) in edubfm_Hash.c:153
[PID=93597][Mon Mar 14 10:50:36 2022] Error : -262150(eNOTFOUND_BFM) in edubfm_Hash.c:153
[PID=93597][Mon Mar 14 10:50:36 2022] Error : -262150(eNOTFOUND_BFM) in edubfm_Hash.c:153
[PID=93597][Mon Mar 14 10:50:36 2022] Error : -262150(eNOTFOUND_BFM) in edubfm_Hash.c:153
[PID=93597][Mon Mar 14 10:50:36 2022] Error : -262150(eNOTFOUND_BFM) in edubfm_Hash.c:153
[PID=93597][Mon Mar 14 10:50:36 2022] Error : -262150(eNOTFOUND_BFM) in edubfm_Hash.c:153
[PID=93597][Mon Mar 14 10:50:36 2022] Error : -262150(eNOTFOUND_BFM) in edubfm_Hash.c:153
[PID=93597][Mon Mar 14 10:50:36 2022] Error : -262150(eNOTFOUND_BFM) in edubfm_Hash.c:153
[PID=93597][Mon Mar 14 10:50:36 2022] Error : -262150(eNOTFOUND_BFM) in edubfm_Hash.c:153
[PID=93597][Mon Mar 14 10:50:36 2022] Error : -262150(eNOTFOUND_BFM) in edubfm_Hash.c:153
[PID=93597][Mon Mar 14 10:50:36 2022] Error : -262150(eNOTFOUND_BFM) in edubfm_Hash.c:153
[PID=93597][Mon Mar 14 10:50:36 2022] Error : -262150(eNOTFOUND_BFM) in edubfm_Hash.c:153
[PID=93597][Mon Mar 14 10:50:36 2022] Error : -262150(eNOTFOUND_BFM) in edubfm_Hash.c:153
[PID=93597][Mon Mar 14 10:50:36 2022] Error : -262150(eNOTFOUND_BFM) in edubfm_Hash.c:153
[PID=93597][Mon Mar 14 10:50:36 2022] Error : -262150(eNOTFOUND_BFM) in edubfm_Hash.c:153
[PID=93597][Mon Mar 14 10:50:36 2022] Error : -262150(eNOTFOUND_BFM) in edubfm_Hash.c:153
[PID=93597][Mon Mar 14 10:50:36 2022] Error : -262150(eNOTFOUND_BFM) in edubfm_Hash.c:153
[PID=96876][Mon Mar 14 11:28:06 2022] Error : -262150(eNOTFOUND_BFM) in edubfm_Hash.c:153
[PID=96876][Mon Mar 14 11:28:06 2022] Error : -262150(eNOTFOUND_BFM) in edubfm_Hash.c:153
[PID=96876][Mon Mar 14 11:28:06 2022] Error : -262150(eNOTFOUND_BFM) in edubfm_Hash.c:153
[PID=96876][Mon Mar 14 11:28:06 2022] Error : -262150(eNOTFOUND_BFM) in edubfm_Hash.c:153
[PID=96876][Mon Mar 14 11:28:06 2022] Error : -262150(eNOTFOUND_BFM) in edubfm_Hash.c:153
[PID=96876][Mon Mar 14 11:28:06 2022] Error : -262150(eNOTFOUND_BFM) in edubfm_Hash.c:153
[PID=96876][Mon Mar 14 11:28:06 2022] Error : -262150(eNOTFOUND_BFM) in edubfm_Hash.c:153
[PID=96876][Mon Mar 14 11:28:06 2022] Error : -262150(eNOTFOUND_BFM) in edubfm_Hash.c:153
[PID=96876][Mon Mar 14 11:28:06 2022] Error : -262150(eNOTFOUND_BFM) in edubfm_Hash.c:153
[PID=96876][Mon Mar 14 11:28:06 2022] Error : -262150(eNOTFOUND_BFM) in edubfm_Hash.c:153
[PID=96876][Mon Mar 14 11:28:06 2022] Error : -262150(eNOTFOUND_BFM) in edubfm_Hash.c:153
[PID=96876][Mon Mar 14 11:28:06 2022] Error : -262150(eNOTFOUND_BFM) in edubfm_Hash.c:153
[PID=96876][Mon Mar 14 11:28:06 2022] Error : -262150(eNOTFOUND_BFM) in edubfm_Hash.c:153
[PID=96876][Mon Mar 14 11:28:06 2022] Error : -262150(eNOTFOUND_BFM) in edubfm_Hash.c:153
[PID=96876][Mon Mar 14 11:28:06 2022] Error : -262150(eNOTFOUND_BFM) in edubfm_Hash.c:153
[PID=96876][Mon Mar 14 11:28:06 2022] Error : -262150(eNOTFOUND_BFM) in edubfm_Hash.c:153
[PID=96876][Mon Mar 14 11:28:06 2022] Error : -262150(eNOTFOUND_BFM) in edubfm_Hash.c:153
[PID=96876][Mon Mar 14 11:28:06 2022] Error : -262150(eNOTFOUND_BFM) in edubfm_Hash.c:153
[PID=27666][Mon Mar 14 12:32:43 2022] Error : -262150(eNOTFOUND_BFM) in edubfm_Hash.c:153
[PID=27666][Mon Mar 14 12:33:16 2022] Error : -262150(eNOTFOUND_BFM) in edubfm_Hash.c:153
[PID=35441][Mon Mar 14 12:35:19 2022] Error : -262150(eNOTFOUND_BFM) in edubfm_Hash.c:153
[PID=35441][Mon Mar 14 12:35:19 2022] Error : -262150(eNOTFOUND_BFM) in edubfm_Hash.c:153
[PID=37238][Mon Mar 14 12:36:24 2022] Error : -262150(eNOTFOUND_BFM) in edubfm_Hash.c:153
[PID=37238][Mon Mar 14 12:36:24 2022] Error : -262150(eNOTFOUND_BFM) in edubfm_Hash.c:153
[PID=14634][Mon Mar 14 14:04:05 2022] Error : -262150(eNOTFOUND_BFM) in edubfm_Hash.c:153
[PID=14634][Mon Mar 14 14:04:05 2022] Error : -262150(eNOTFOUND_BFM) in edubfm_Hash.c:153
[PID=31461][Mon Mar 14 14:15:50 2022] Error : -262150(eNOTFOUND_BFM) in edubfm_Hash.c:153
[PID=31461][Mon Mar 14 14:15:50 2022] Error : -262150(eNOTFOUND_BFM) in edubfm_Hash.c:153
[PID=31461][Mon Mar 14 14:16:07 2022] Error : -262149(eFLUSHFIXEDBUF_BFM) in BfM_Dismount.c:110
[PID=31461][Mon Mar 14 14:16:07 2022] Error : -262149(eFLUSHFIXEDBUF_BFM) in SM_Dismount.c:104
[PID=31461][Mon Mar 14 14:16:07 2022] Error : -262149(eFLUSHFIXEDBUF_BFM) in LRDS_Dismount.c:246
[PID=31461][Mon Mar 14 14:16:07 2022] Error : -262149(eFLUSHFIXEDBUF_BFM) in LRDS_Dismount.c:143
[PID=32515][Mon Mar 14 14:16:28 2022] Error : -262150(eNOTFOUND_BFM) in edubfm_Hash.c:153
[PID=32515][Mon Mar 14 14:16:28 2022] Error : -262150(eNOTFOUND_BFM) in edubfm_Hash.c:153
[PID=32515][Mon Mar 14 14:16:28 2022] Error : -262149(eFLUSHFIXEDBUF_BFM) in BfM_Dismount.c:110
[PID=32515][Mon Mar 14 14:16:28 2022] Error : -262149(eFLUSHFIXEDBUF_BFM) in SM_Dismount.c:104
[PID=32515][Mon Mar 14 14:16:28 2022] Error : -262149(eFLUSHFIXEDBUF_BFM) in LRDS_Dismount.c:246
[PID=32515][Mon Mar 14 14:16:28 2022] Error : -262149(eFLUSHFIXEDBUF_BFM) in LRDS_Dismount.c:143
[PID=43691][Mon Mar 14 14:24:10 2022] Error : -262150(eNOTFOUND_BFM) in edubfm_Hash.c:153
[PID=43691][Mon Mar 14 14:24:10 2022] Error : -262150(eNOTFOUND_BFM) in edubfm_Hash.c:153
[PID=54554][Mon Mar 14 14:32:43 2022] Error : -262150(eNOTFOUND_BFM) in edubfm_Hash.c:153
[PID=54554][Mon Mar 14 14:32:43 2022] Error : -262150(eNOTFOUND_BFM) in edubfm_Hash.c:153
[PID=63077][Mon Mar 14 14:41:28 2022] Error : -262150(eNOTFOUND_BFM) in edubfm_Hash.c:153
[PID=63077][Mon Mar 14 14:41:28 2022] Error : -262150(eNOTFOUND_BFM) in edubfm_Hash.c:153
[PID=65342][Mon Mar 14 14:43:35 2022] Error : -262150(eNOTFOUND_BFM) in edubfm_Hash.c:153
[PID=65342][Mon Mar 14 14:43:35 2022] Error : -262150(eNOTFOUND_BFM) in edubfm_Hash.c:153
[PID=67232][Mon Mar 14 14:45:28 2022] Error : -262150(eNOTFOUND_BFM) in edubfm_Hash.c:153
[PID=67232][Mon Mar 14 14:45:28 2022] Error : -262150(eNOTFOUND_BFM) in edubfm_Hash.c:153
[PID=76010][Mon Mar 14 14:54:11 2022] Error : -262150(eNOTFOUND_BFM) in edubfm_Hash.c:153
[PID=76010][Mon Mar 14 14:54:11 2022] Error : -262150(eNOTFOUND_BFM) in edubfm_Hash.c:153
[PID=95362][Mon Mar 14 15:13:30 2022] Error : -262150(eNOTFOUND_BFM) in edubfm_Hash.c:153
[PID=95362][Mon Mar 14 15:13:30 2022] Error : -262150(eNOTFOUND_BFM) in edubfm_Hash.c:153
[PID=8637][Mon Mar 14 15:26:31 2022] Error : -262150(eNOTFOUND_BFM) in edubfm_Hash.c:153
[PID=8637][Mon Mar 14 15:26:31 2022] Error : -262150(eNOTFOUND_BFM) in edubfm_Hash.c:153
[PID=10103][Mon Mar 14 15:27:43 2022] Error : -262150(eNOTFOUND_BFM) in edubfm_Hash.c:153
[PID=10103][Mon Mar 14 15:27:43 2022] Error : -262150(eNOTFOUND_BFM) in edubfm_Hash.c:153
[PID=10103][Mon Mar 14 15:27:43 2022] Error : -262150(eNOTFOUND_BFM) in bfm_Hash.c:216
[PID=10103][Mon Mar 14 15:27:43 2022] Error : -262150(eNOTFOUND_BFM) in BfM_Dismount.c:126
[PID=10103][Mon Mar 14 15:27:43 2022] Error : -262150(eNOTFOUND_BFM) in SM_Dismount.c:104
[PID=10103][Mon Mar 14 15:27:43 2022] Error : -262150(eNOTFOUND_BFM) in LRDS_Dismount.c:246
[PID=10103][Mon Mar 14 15:27:43 2022] Error : -262150(eNOTFOUND_BFM) in LRDS_Dismount.c:143
[PID=11528][Mon Mar 14 15:28:56 2022] Error : -262150(eNOTFOUND_BFM) in edubfm_Hash.c:153
[PID=11528][Mon Mar 14 15:28:56 2022] Error : -262150(eNOTFOUND_BFM) in edubfm_Hash.c:153
[PID=11528][Mon Mar 14 15:28:56 2022] Error : -262150(eNOTFOUND_BFM) in bfm_Hash.c:216
[PID=11528][Mon Mar 14 15:28:56 2022] Error : -262150(eNOTFOUND_BFM) in BfM_Dismount.c:126
[PID=11528][Mon Mar 14 15:28:56 2022] Error : -262150(eNOTFOUND_BFM) in SM_Dismount.c:104
[PID=11528][Mon Mar 14 15:28:56 2022] Error : -262150(eNOTFOUND_BFM) in LRDS_Dismount.c:246
[PID=11528][Mon Mar 14 15:28:56 2022] Error : -262150(eNOTFOUND_BFM) in LRDS_Dismount.c:143
[PID=13590][Mon Mar 14 15:30:49 2022] Error : -262150(eNOTFOUND_BFM) in edubfm_Hash.c:153
[PID=13590][Mon Mar 14 15:30:49 2022] Error : -262150(eNOTFOUND_BFM) in edubfm_Hash.c:153
[PID=13590][Mon Mar 14 15:30:49 2022] Error : -262150(eNOTFOUND_BFM) in bfm_Hash.c:216
[PID=13590][Mon Mar 14 15:30:49 2022] Error : -262150(eNOTFOUND_BFM) in BfM_Dismount.c:126
[PID=13590][Mon Mar 14 15:30:49 2022] Error : -262150(eNOTFOUND_BFM) in SM_Dismount.c:104
[PID=13590][Mon Mar 14 15:30:49 2022] Error : -262150(eNOTFOUND_BFM) in LRDS_Dismount.c:246
[PID=13590][Mon Mar 14 15:30:49 2022] Error : -262150(eNOTFOUND_BFM) in LRDS_Dismount.c:143
[PID=17277][Mon Mar 14 15:34:20 2022] Error : -262150(eNOTFOUND_BFM) in edubfm_Hash.c:153
[PID=17277][Mon Mar 14 15:34:20 2022] Error : -262150(eNOTFOUND_BFM) in edubfm_Hash.c:153
[PID=17277][Mon Mar 14 15:34:20 2022] Error : -262150(eNOTFOUND_BFM) in bfm_Hash.c:216
[PID=17277][Mon Mar 14 15:34:20 2022] Error : -262150(eNOTFOUND_BFM) in BfM_Dismount.c:126
[PID=17277][Mon Mar 14 15:34:20 2022] Error : -262150(eNOTFOUND_BFM) in SM_Dismount.c:104
[PID=17277][Mon Mar 14 15:34:20 2022] Error : -262150(eNOTFOUND_BFM) in LRDS_Dismount.c:246
[PID=17277][Mon Mar 14 15:34:20 2022] Error : -262150(eNOTFOUND_BFM) in LRDS_Dismount.c:143
[PID=17738][Mon Mar 14 15:34:41 2022] Error : -262150(eNOTFOUND_BFM) in edubfm_Hash.c:153
[PID=17738][Mon Mar 14 15:34:41 2022] Error : -262150(eNOTFOUND_BFM) in edubfm_Hash.c:153
[PID=18426][Mon Mar 14 15:35:13 2022] Error : -262150(eNOTFOUND_BFM) in edubfm_Hash.c:153
[PID=18426][Mon Mar 14 15:35:13 2022] Error : -262150(eNOTFOUND_BFM) in edubfm_Hash.c:153
[PID=20036][Mon Mar 14 15:36:46 2022] Error : -262150(eNOTFOUND_BFM) in edubfm_Hash.c:153
[PID=20036][Mon Mar 14 15:36:46 2022] Error : -262150(eNOTFOUND_BFM) in edubfm_Hash.c:153
[PID=20906][Mon Mar 14 15:37:30 2022] Error : -262150(eNOTFOUND_BFM) in edubfm_Hash.c:153
[PID=20906][Mon Mar 14 15:37:30 2022] Error : -262150(eNOTFOUND_BFM) in edubfm_Hash.c:153
[PID=21679][Mon Mar 14 15:38:06 2022] Error : -262150(eNOTFOUND_BFM) in edubfm_Hash.c:153
[PID=21679][Mon Mar 14 15:38:06 2022] Error : -262150(eNOTFOUND_BFM) in edubfm_Hash.c:153
[PID=22604][Mon Mar 14 15:38:54 2022] Error : -262150(eNOTFOUND_BFM) in edubfm_Hash.c:153
[PID=22604][Mon Mar 14 15:38:54 2022] Error : -262150(eNOTFOUND_BFM) in edubfm_Hash.c:153
[PID=25217][Mon Mar 14 15:41:31 2022] Error : -262150(eNOTFOUND_BFM) in edubfm_Hash.c:153
[PID=25217][Mon Mar 14 15:41:31 2022] Error : -262150(eNOTFOUND_BFM) in edubfm_Hash.c:153
