make all --print-data-base --no-builtin-variables --no-builtin-rules --question
# GNU Make 4.2.1
# Built for x86_64-pc-linux-gnu
# Copyright (C) 1988-2016 Free Software Foundation, Inc.
# License GPLv3+: GNU GPL version 3 or later <http://gnu.org/licenses/gpl.html>
# This is free software: you are free to change and redistribute it.
# There is NO WARRANTY, to the extent permitted by law.

# Make data base, printed on Mon Mar 14 07:07:12 2022

# Variables

# automatic
<D = $(patsubst %/,%,$(dir $<))
# automatic
?F = $(notdir $?)
# default
.SHELLFLAGS := -c
# environment
VSCODE_AGENT_FOLDER = /root/.vscode-server
# environment
VSCODE_LOG_NATIVE = false
# makefile (from 'Makefile', line 23)
INTERFACE = EduBfM_DiscardAll.o EduBfM_FlushAll.o EduBfM_FreeTrain.o EduBfM_GetTrain.o EduBfM_SetDirty.o
# automatic
?D = $(patsubst %/,%,$(dir $?))
# automatic
@D = $(patsubst %/,%,$(dir $@))
# automatic
@F = $(notdir $@)
# makefile
CURDIR := /DBMS/DBMS-Project-2
# makefile
SHELL = /bin/sh
# makefile (from 'Makefile', line 7)
RM = /bin/rm
# environment
VSCODE_NLS_CONFIG = {"locale":"ko","availableLanguages":{"*":"ko"},"_languagePackId":"884a2bdd02e543ae2f1b243b6ae143b4.ko","_translationsConfigFile":"/root/.vscode-server/data/clp/884a2bdd02e543ae2f1b243b6ae143b4.ko/tcf.json","_cacheRoot":"/root/.vscode-server/data/clp/884a2bdd02e543ae2f1b243b6ae143b4.ko","_resolvedLanguagePackCoreLocation":"/root/.vscode-server/data/clp/884a2bdd02e543ae2f1b243b6ae143b4.ko/c722ca6c7eed3d7987c0d5c3df5c45f6b15e77d1","_corruptedFile":"/root/.vscode-server/data/clp/884a2bdd02e543ae2f1b243b6ae143b4.ko/corrupted.info","_languagePackSupport":true}
# environment
_ = /root/.vscode-server/bin/c722ca6c7eed3d7987c0d5c3df5c45f6b15e77d1/node
# makefile (from 'Makefile', line 17)
CFLAGS = -w -g -fsigned-char -fPIC -I$(INCLUDE)
# makefile (from 'Makefile', line 1)
MAKEFILE_LIST :=  Makefile
# 'override' directive
GNUMAKEFLAGS := 
# environment
 
VSCODE_VERBOSE_LOGGING = true
# environment
VSCODE_CWD = /root/.vscode-server/bin/c722ca6c7eed3d7987c0d5c3df5c45f6b15e77d1
# default
MAKE_HOST := x86_64-pc-linux-gnu
# environment
PATH = /usr/local/sbin:/usr/local/bin:/usr/sbin:/usr/bin:/sbin:/bin
# makefile (from 'Makefile', line 28)
TESTMODULE = EduBfM_Test.o EduBfM_TestModule.o
# environment
VSCODE_LOG_STACK = false
# environment
VSCODE_IPC_HOOK_CLI = /tmp/vscode-ipc-5824d138-b4d4-4bdb-a82a-86d0c178cb97.sock
# makefile (from 'Makefile', line 15)
LIB = -lm
# default
.FEATURES := target-specific order-only second-expansion else-if shortest-stem undefine oneshell archives jobserver output-sync check-symlink load
# environment
SSH_AUTH_SOCK = /tmp/vscode-ssh-auth-5eafee5a36d6161e8e7e7496dbf33b4a53135606.sock
# automatic
%F = $(notdir $%)
# environment
VSCODE_PIPE_LOGGING = true
# environment
PWD = /DBMS/DBMS-Project-2
# default
.LOADED := 
# environment
VSCODE_AMD_ENTRYPOINT = vs/workbench/api/node/extensionHostProcess
# environment
HOME = /root
# environment
REMOTE_CONTAINERS = true
# makefile (from 'Makefile', line 26)
NONINTERFACE = edubfm_AllocTrain.o edubfm_FlushTrain.o edubfm_Hash.o edubfm_ReadTrain.o
# environment
LOGNAME = root
# environment
APPLICATION_INSIGHTS_NO_DIAGNOSTIC_CHANNEL = true
# automatic
+F = $(notdir $+)
# environment
VSCODE_HANDLES_UNCAUGHT_ERRORS = true
# automatic
^D = $(patsubst %/,%,$(dir $^))
# environment
HOSTNAME = bd4d44e29641
# environment
MAKELEVEL := 0
# default
MAKE = $(MAKE_COMMAND)
# default
MAKECMDGOALS := all
# environment
SHLVL = 0
# makefile (from 'Makefile', line 10)
CC = gcc
# makefile (from 'Makefile', line 20)
EXEC = EduBfM_Test
# default
MAKE_VERSION := 4.2.1
# makefile
.DEFAULT_GOAL := all
# makefile (from 'Makefile', line 13)
INCLUDE = ./Header
# automatic
%D = $(patsubst %/,%,$(dir $%))
# environment
REMOTE_CONTAINERS_IPC = /tmp/vscode-remote-containers-ipc-5eafee5a36d6161e8e7e7496dbf33b4a53135606.sock
# default
MAKE_COMMAND := make
# environment
OLDPWD = /root/.vscode-server/bin/c722ca6c7eed3d7987c0d5c3df5c45f6b15e77d1
# default
.VARIABLES := 
# automatic
*F = $(notdir $*)
# makefile
MAKEFLAGS = pqrR
# environment
MFLAGS = -pqrR
# automatic
*D = $(patsubst %/,%,$(dir $*))
# automatic
+D = $(patsubst %/,%,$(dir $+))
# environment
BROWSER = /root/.vscode-server/bin/c722ca6c7eed3d7987c0d5c3df5c45f6b15e77d1/bin/helpers/browser.sh
# default
MAKEFILES := 
# automatic
<F = $(notdir $<)
# environment
LC_ALL = C
# automatic
^F = $(notdir $^)
# default
SUFFIXES := 
# environment
REMOTE_CONTAINERS_SOCKETS = ["/tmp/vscode-ssh-auth-5eafee5a36d6161e8e7e7496dbf33b4a53135606.sock"]
# default
.INCLUDE_DIRS = /usr/include /usr/local/include /usr/include
# default
.RECIPEPREFIX := 
# environment
LANG = C
# environment
VSCODE_EXTHOST_WILL_SEND_SOCKET = true
# variable set hash-table stats:
# Load=71/1024=7%, Rehash=0, Collisions=8/100=8%

# Pattern-specific Variable Values

# No pattern-specific variable values.

# Directories

# . (device 143, inode 3145805): 39 files, no impossibilities.

# 39 files, no impossibilities in 1 directories.

# Implicit Rules

# No implicit rules.

# Files

EduBfM_Test: EduBfM_Test.o EduBfM_TestModule.o EduBfM.o
#  Implicit rule search has not been done.
#  Last modified 2022-03-14 06:59:55.73167
#  File has been updated.
#  Successfully updated.
#  recipe to execute (from 'Makefile', line 31):
	$(CC) $(CFLAGS) -o $@ $^ $(LIB)

# Not a target:
edubfm_AllocTrain.o:
#  Implicit rule search has been done.
#  Last modified 2022-03-14 06:59:55.48867
#  File has been updated.
#  Successfully updated.

# Not a target:
edubfm_FlushTrain.o:
#  Implicit rule search has been done.
#  Last modified 2022-03-14 06:59:55.53467
#  File has been updated.
#  Successfully updated.

# Not a target:
EduBfM_FlushAll.o:
#  Implicit rule search has been done.
#  Last modified 2022-03-14 06:59:55.30967
#  File has been updated.
#  Successfully updated.

all: EduBfM_Test
#  Command line target.
#  Implicit rule search has been done.
#  File does not exist.
#  File has been updated.
#  Successfully updated.

# Not a target:
Makefile:
#  Implicit rule search has been done.
#  Last modified 2022-03-12 14:12:04.562158174
#  File has been updated.
#  Successfully updated.

 
# Not a target:
EduBfM_GetTrain.o:
#  Implicit rule search has been done.
#  Last modified 2022-03-14 06:59:55.39467
#  File has been updated.
#  Successfully updated.

# Not a target:
EduBfM_FreeTrain.o:
#  Implicit rule search has been done.
#  Last modified 2022-03-14 06:59:55.34467
#  File has been updated.
#  Successfully updated.

.c.o:
#  Implicit rule search has not been done.
#  Modification time never checked.
#  File has not been updated.
#  recipe to execute (from 'Makefile', line 39):
	$(CC) $(CFLAGS) -c $<

.KEEP_STATE:
#  Implicit rule search has not been done.
#  Modification time never checked.
#  File has not been updated.

# Not a target:
EduBfM_Test.o:
#  Implicit rule search has been done.
#  Last modified 2022-03-14 06:59:55.19067
#  File has been updated.
#  Successfully updated.

# Not a target:
.DEFAULT:
#  Implicit rule search has not been done.
#  Modification time never checked.
#  File has not been updated.

# Not a target:
EduBfM_DiscardAll.o:
#  Implicit rule search has been done.
#  Last modified 2022-03-14 06:59:55.26867
#  File has been updated.
#  Successfully updated.

# Not a target:
edubfm_ReadTrain.o:
#  Implicit rule search has been done.
#  Last modified 2022-03-14 06:59:55.64267
#  File has been updated.
#  Successfully updated.

clean:
#  Implicit rule search has not been done.
#  Modification time never checked.
#  File has not been updated.
#  recipe to execute (from 'Makefile', line 42):
	$(RM) -f $(EXEC) $(INTERFACE) $(NONINTERFACE) $(TESTMODULE) EduBfM.o

# Not a target:
edubfm_Hash.o:
#  Implicit rule search has been done.
#  Last modified 2022-03-14 06:59:55.59167
#  File has been updated.
#  Successfully updated.

# Not a target:
EduBfM_SetDirty.o:
#  Implicit rule search has been done.
#  Last modified 2022-03-14 06:59:55.43767
#  File has been updated.
#  Successfully updated.

# Not a target:
EduBfM_TestModule.o:
#  Implicit rule search has been done.
#  Last modified 2022-03-14 06:59:55.23767
#  File has been updated.
#  Successfully updated.

EduBfM.o: EduBfM_DiscardAll.o EduBfM_FlushAll.o EduBfM_FreeTrain.o EduBfM_GetTrain.o EduBfM_SetDirty.o edubfm_AllocTrain.o edubfm_FlushTrain.o edubfm_Hash.o edubfm_ReadTrain.o
#  Implicit rule search has not been done.
#  Last modified 2022-03-14 06:59:55.66367
#  File has been updated.
#  Successfully updated.
#  recipe to execute (from 'Makefile', line 34):
	@echo ld -r ~~~ -o $@
	@ld -r $^ cosmos.o -o $@
	chmod -x $@

# files hash-table stats:
# Load=20/1024=2%, Rehash=0, Collisions=3/46=7%
# VPATH Search Paths

# No 'vpath' search paths.

# No general ('VPATH' variable) search path.

# strcache buffers: 1 (0) / strings = 47 / storage = 624 B / avg = 13 B
# current buf: size = 8162 B / used = 624 B / count = 47 / avg = 13 B

# strcache performance: lookups = 73 / hit rate = 35%
# hash-table stats:
# Load=47/8192=1%, Rehash=0, Collisions=5/73=7%
# Finished Make data base on Mon Mar 14 07:07:12 2022

 
